  AttackState.cpp
  Bullet.cpp
  Collision.cpp
C:\Users\etta1\source\repos\W_Gold\Western Gold\Western Gold\SFML\CodePC\MainProgram\Collision.cpp(93,13): warning C4018: '>': signed/unsigned mismatch
  Enemy.cpp
  EnemyHandler.cpp
  EnmState.cpp
  Entity.cpp
  Game.cpp
  GameObject.cpp
  GameState.cpp
  GetDistance.cpp
  Gold.cpp
  GoldHandler.cpp
  Grid.cpp
  InsideWindow.cpp
  Level.cpp
  LoadState.cpp
  WinState.cpp
C:\Users\etta1\source\repos\W_Gold\Western Gold\Western Gold\SFML\CodePC\MainProgram\WinState.cpp(111,46): error C3867: 'ResourceManager::getBasicFont': non-standard syntax; use '&' to create a pointer to member
C:\Users\etta1\source\repos\W_Gold\Western Gold\Western Gold\SFML\CodePC\MainProgram\WinState.cpp(111,73): error C2661: 'Text::Text': no overloaded function takes 2 arguments
  main.cpp
  MenuState.cpp
  Generating Code...
  Compiling...
  Pathfinding.cpp
  PatrollState.cpp
  PauseState.cpp
  Player.cpp
  PlayState.cpp
  Ray.cpp
  ResourceManager.cpp
  SeachState.cpp
  SimonState.cpp
  tile.cpp
  UI.cpp
  Generating Code...
